{"numFailedTestSuites":1,"numFailedTests":1,"numPassedTestSuites":9,"numPassedTests":77,"numPendingTestSuites":0,"numPendingTests":0,"numRuntimeErrorTestSuites":0,"numTodoTests":0,"numTotalTestSuites":10,"numTotalTests":78,"openHandles":[],"snapshot":{"added":0,"didUpdate":false,"failure":false,"filesAdded":0,"filesRemoved":0,"filesRemovedList":[],"filesUnmatched":0,"filesUpdated":0,"matched":0,"total":0,"unchecked":0,"uncheckedKeysByFile":[],"unmatched":0,"updated":0},"startTime":1787439034875,"success":false,"testResults":[{"assertionResults":[{"ancestorTitles":["clearCompletedTasks data integrity"],"duration":34,"failureDetails":[],"failureMessages":[],"fullName":"clearCompletedTasks data integrity moves every completed task into the Recycle Bin","invocations":1,"location":null,"numPassingAsserts":3,"retryReasons":[],"status":"passed","title":"moves every completed task into the Recycle Bin"},{"ancestorTitles":["clearCompletedTasks data integrity"],"duration":15,"failureDetails":[],"failureMessages":[],"fullName":"clearCompletedTasks data integrity removes completed tasks from active storage and keeps the rest","invocations":1,"location":null,"numPassingAsserts":3,"retryReasons":[],"status":"passed","title":"removes completed tasks from active storage and keeps the rest"},{"ancestorTitles":["clearCompletedTasks data integrity"],"duration":5,"failureDetails":[],"failureMessages":[],"fullName":"clearCompletedTasks data integrity persists the Recycle Bin snapshot before deleting active tasks","invocations":1,"location":null,"numPassingAsserts":3,"retryReasons":[],"status":"passed","title":"persists the Recycle Bin snapshot before deleting active tasks"},{"ancestorTitles":["clearCompletedTasks data integrity"],"duration":10,"failureDetails":[],"failureMessages":[],"fullName":"clearCompletedTasks data integrity keeps the task active when the Recycle Bin snapshot write fails","invocations":1,"location":null,"numPassingAsserts":4,"retryReasons":[],"status":"passed","title":"keeps the task active when the Recycle Bin snapshot write fails"},{"ancestorTitles":["clearCompletedTasks data integrity"],"duration":4,"failureDetails":[],"failureMessages":[],"fullName":"clearCompletedTasks data integrity cancels the reminders of every cleared task","invocations":1,"location":null,"numPassingAsserts":1,"retryReasons":[],"status":"passed","title":"cancels the reminders of every cleared task"},{"ancestorTitles":["clearCompletedTasks data integrity"],"duration":9,"failureDetails":[],"failureMessages":[],"fullName":"clearCompletedTasks data integrity restores a cleared task from the Recycle Bin (undo path)","invocations":1,"location":null,"numPassingAsserts":4,"retryReasons":[],"status":"passed","title":"restores a cleared task from the Recycle Bin (undo path)"},{"ancestorTitles":["clearCompletedTasks data integrity"],"duration":4,"failureDetails":[],"failureMessages":[],"fullName":"clearCompletedTasks data integrity handles multiple completed tasks atomically","invocations":1,"location":null,"numPassingAsserts":2,"retryReasons":[],"status":"passed","title":"handles multiple completed tasks atomically"},{"ancestorTitles":["clearCompletedTasks data integrity"],"duration":4,"failureDetails":[],"failureMessages":[],"fullName":"clearCompletedTasks data integrity does not corrupt state when an entity is missing or already recycled","invocations":1,"location":null,"numPassingAsserts":4,"retryReasons":[],"status":"passed","title":"does not corrupt state when an entity is missing or already recycled"}],"endTime":1787439040417,"message":"","name":"C:\\Users\\harsh\\OneDrive\\Desktop\\todoapp\\services\\command\\__tests__\\clearCompleted.test.ts","startTime":1787439036328,"status":"passed","summary":""},{"assertionResults":[{"ancestorTitles":["restore resolution by entity ID (delete-Undo paths)"],"duration":23,"failureDetails":[],"failureMessages":[],"fullName":"restore resolution by entity ID (delete-Undo paths) delete task → recycle bin → Undo passes the task entity ID → task restored and bin entry removed","invocations":1,"location":null,"numPassingAsserts":5,"retryReasons":[],"status":"passed","title":"delete task → recycle bin → Undo passes the task entity ID → task restored and bin entry removed"},{"ancestorTitles":["restore resolution by entity ID (delete-Undo paths)"],"duration":11,"failureDetails":[],"failureMessages":[],"fullName":"restore resolution by entity ID (delete-Undo paths) restoreTask still accepts the recycle-bin item ID (rb-{entityId})","invocations":1,"location":null,"numPassingAsserts":3,"retryReasons":[],"status":"passed","title":"restoreTask still accepts the recycle-bin item ID (rb-{entityId})"},{"ancestorTitles":["restore resolution by entity ID (delete-Undo paths)"],"duration":20,"failureDetails":[],"failureMessages":[],"fullName":"restore resolution by entity ID (delete-Undo paths) bulk delete tasks → Undo passes task entity IDs → all restored and bin entries removed","invocations":1,"location":null,"numPassingAsserts":8,"retryReasons":[],"status":"passed","title":"bulk delete tasks → Undo passes task entity IDs → all restored and bin entries removed"},{"ancestorTitles":["restore resolution by entity ID (delete-Undo paths)"],"duration":3,"failureDetails":[],"failureMessages":[],"fullName":"restore resolution by entity ID (delete-Undo paths) restoreTasks still accepts RecycleBinItem objects (Recycle Bin screen path)","invocations":1,"location":null,"numPassingAsserts":4,"retryReasons":[],"status":"passed","title":"restoreTasks still accepts RecycleBinItem objects (Recycle Bin screen path)"},{"ancestorTitles":["restore resolution by entity ID (delete-Undo paths)"],"duration":14,"failureDetails":[],"failureMessages":[],"fullName":"restore resolution by entity ID (delete-Undo paths) bulk delete habits → Undo passes habit entity IDs → all habits restored","invocations":1,"location":null,"numPassingAsserts":6,"retryReasons":[],"status":"passed","title":"bulk delete habits → Undo passes habit entity IDs → all habits restored"}],"endTime":1787439040491,"message":"","name":"C:\\Users\\harsh\\OneDrive\\Desktop\\todoapp\\services\\command\\__tests__\\restoreResolution.test.ts","startTime":1787439036355,"status":"passed","summary":""},{"assertionResults":[{"ancestorTitles":["bulk vs single lifecycle side-effect parity"],"duration":36,"failureDetails":[],"failureMessages":[],"fullName":"bulk vs single lifecycle side-effect parity completeTasks matches completeTask per item (pebbles, reminders, plugins, analytics, events)","invocations":1,"location":null,"numPassingAsserts":20,"retryReasons":[],"status":"passed","title":"completeTasks matches completeTask per item (pebbles, reminders, plugins, analytics, events)"},{"ancestorTitles":["bulk vs single lifecycle side-effect parity"],"duration":15,"failureDetails":[],"failureMessages":[],"fullName":"bulk vs single lifecycle side-effect parity completeHabits matches completeHabit per item","invocations":1,"location":null,"numPassingAsserts":10,"retryReasons":[],"status":"passed","title":"completeHabits matches completeHabit per item"},{"ancestorTitles":["bulk vs single lifecycle side-effect parity"],"duration":10,"failureDetails":[],"failureMessages":[],"fullName":"bulk vs single lifecycle side-effect parity archiveTasks matches the single-item archive (updateTask archivedAt)","invocations":1,"location":null,"numPassingAsserts":10,"retryReasons":[],"status":"passed","title":"archiveTasks matches the single-item archive (updateTask archivedAt)"},{"ancestorTitles":["bulk vs single lifecycle side-effect parity"],"duration":8,"failureDetails":[],"failureMessages":[],"fullName":"bulk vs single lifecycle side-effect parity archiveHabits matches the single-item archive (updateHabit archivedAt)","invocations":1,"location":null,"numPassingAsserts":9,"retryReasons":[],"status":"passed","title":"archiveHabits matches the single-item archive (updateHabit archivedAt)"},{"ancestorTitles":["bulk vs single lifecycle side-effect parity"],"duration":8,"failureDetails":[],"failureMessages":[],"fullName":"bulk vs single lifecycle side-effect parity bulk complete skips already-completed tasks and still emits one event","invocations":1,"location":null,"numPassingAsserts":3,"retryReasons":[],"status":"passed","title":"bulk complete skips already-completed tasks and still emits one event"}],"endTime":1787439040506,"message":"","name":"C:\\Users\\harsh\\OneDrive\\Desktop\\todoapp\\services\\command\\__tests__\\bulkLifecycleParity.test.ts","startTime":1787439036281,"status":"passed","summary":""},{"assertionResults":[{"ancestorTitles":["Habit bulk move persistence (via EntityCommandService.moveHabit)"],"duration":33,"failureDetails":[],"failureMessages":[],"fullName":"Habit bulk move persistence (via EntityCommandService.moveHabit) single habit move persists the destination workspaceId and survives reload","invocations":1,"location":null,"numPassingAsserts":4,"retryReasons":[],"status":"passed","title":"single habit move persists the destination workspaceId and survives reload"},{"ancestorTitles":["Habit bulk move persistence (via EntityCommandService.moveHabit)"],"duration":7,"failureDetails":[],"failureMessages":[],"fullName":"Habit bulk move persistence (via EntityCommandService.moveHabit) bulk move persists every selected habit to the destination workspace","invocations":1,"location":null,"numPassingAsserts":6,"retryReasons":[],"status":"passed","title":"bulk move persists every selected habit to the destination workspace"},{"ancestorTitles":["Habit bulk move persistence (via EntityCommandService.moveHabit)"],"duration":4,"failureDetails":[],"failureMessages":[],"fullName":"Habit bulk move persistence (via EntityCommandService.moveHabit) unselected habits remain unchanged","invocations":1,"location":null,"numPassingAsserts":4,"retryReasons":[],"status":"passed","title":"unselected habits remain unchanged"},{"ancestorTitles":["Habit bulk move persistence (via EntityCommandService.moveHabit)"],"duration":4,"failureDetails":[],"failureMessages":[],"fullName":"Habit bulk move persistence (via EntityCommandService.moveHabit) habits from multiple source workspaces can be moved together","invocations":1,"location":null,"numPassingAsserts":4,"retryReasons":[],"status":"passed","title":"habits from multiple source workspaces can be moved together"},{"ancestorTitles":["Habit bulk move persistence (via EntityCommandService.moveHabit)"],"duration":5,"failureDetails":[],"failureMessages":[],"fullName":"Habit bulk move persistence (via EntityCommandService.moveHabit) moving to the Inbox workspace persists correctly","invocations":1,"location":null,"numPassingAsserts":3,"retryReasons":[],"status":"passed","title":"moving to the Inbox workspace persists correctly"},{"ancestorTitles":["Habit bulk move persistence (via EntityCommandService.moveHabit)"],"duration":2,"failureDetails":[],"failureMessages":[],"fullName":"Habit bulk move persistence (via EntityCommandService.moveHabit) moving to the current workspace does not duplicate anything","invocations":1,"location":null,"numPassingAsserts":2,"retryReasons":[],"status":"passed","title":"moving to the current workspace does not duplicate anything"},{"ancestorTitles":["Habit bulk move persistence (via EntityCommandService.moveHabit)"],"duration":3,"failureDetails":[],"failureMessages":[],"fullName":"Habit bulk move persistence (via EntityCommandService.moveHabit) IDs and all domain fields besides workspaceId/updatedAt are preserved","invocations":1,"location":null,"numPassingAsserts":2,"retryReasons":[],"status":"passed","title":"IDs and all domain fields besides workspaceId/updatedAt are preserved"},{"ancestorTitles":["Habit bulk move persistence (via EntityCommandService.moveHabit)"],"duration":6,"failureDetails":[],"failureMessages":[],"fullName":"Habit bulk move persistence (via EntityCommandService.moveHabit) the result survives a reload (fresh repository reads produce the same state)","invocations":1,"location":null,"numPassingAsserts":4,"retryReasons":[],"status":"passed","title":"the result survives a reload (fresh repository reads produce the same state)"},{"ancestorTitles":["Habit bulk move persistence (via EntityCommandService.moveHabit)"],"duration":19,"failureDetails":[],"failureMessages":[],"fullName":"Habit bulk move persistence (via EntityCommandService.moveHabit) bulk loop with skipEvents emits no events; moveHabit without skipEvents emits once","invocations":1,"location":null,"numPassingAsserts":5,"retryReasons":[],"status":"passed","title":"bulk loop with skipEvents emits no events; moveHabit without skipEvents emits once"},{"ancestorTitles":["Habit bulk move persistence (via EntityCommandService.moveHabit)"],"duration":18,"failureDetails":[],"failureMessages":[],"fullName":"Habit bulk move persistence (via EntityCommandService.moveHabit) moveHabit throws when the habit does not exist in the source workspace","invocations":1,"location":null,"numPassingAsserts":1,"retryReasons":[],"status":"passed","title":"moveHabit throws when the habit does not exist in the source workspace"},{"ancestorTitles":["Habit bulk move persistence (via EntityCommandService.moveHabit)"],"duration":6,"failureDetails":[{"matcherResult":{"message":"expect(received).toHaveLength(expected)\n\nExpected length: 1\nReceived length: 0\nReceived array:  []","pass":false}}],"failureMessages":["Error: expect(received).toHaveLength(expected)\n\nExpected length: 1\nReceived length: 0\nReceived array:  []\n    at Object.toHaveLength (C:\\Users\\harsh\\OneDrive\\Desktop\\todoapp\\services\\command\\__tests__\\habitBulkMove.test.ts:275:60)\n    at Generator.next (<anonymous>)\n    at asyncGeneratorStep (C:\\Users\\harsh\\OneDrive\\Desktop\\todoapp\\node_modules\\@babel\\runtime\\helpers\\asyncToGenerator.js:3:17)\n    at _next (C:\\Users\\harsh\\OneDrive\\Desktop\\todoapp\\node_modules\\@babel\\runtime\\helpers\\asyncToGenerator.js:17:9)\n    at processTicksAndRejections (node:internal/process/task_queues:104:5)"],"fullName":"Habit bulk move persistence (via EntityCommandService.moveHabit) partial persistence failure: failed habit stays in source and is not duplicated in destination","invocations":1,"location":null,"numPassingAsserts":0,"retryReasons":[],"status":"failed","title":"partial persistence failure: failed habit stays in source and is not duplicated in destination"},{"ancestorTitles":["Habit bulk move persistence (via EntityCommandService.moveHabit)"],"duration":3,"failureDetails":[],"failureMessages":[],"fullName":"Habit bulk move persistence (via EntityCommandService.moveHabit) updateHabit (the former bulk-move persistence route) rejects workspace movement","invocations":1,"location":null,"numPassingAsserts":1,"retryReasons":[],"status":"passed","title":"updateHabit (the former bulk-move persistence route) rejects workspace movement"}],"endTime":1787439040633,"message":"  ● Habit bulk move persistence (via EntityCommandService.moveHabit) › partial persistence failure: failed habit stays in source and is not duplicated in destination\n\n    expect(received).toHaveLength(expected)\n\n    Expected length: 1\n    Received length: 0\n    Received array:  []\n\n    \u001b[0m \u001b[90m 273 |\u001b[39m       )\u001b[33m,\u001b[39m\n     \u001b[90m 274 |\u001b[39m     )\u001b[33m;\u001b[39m\n    \u001b[31m\u001b[1m>\u001b[22m\u001b[39m\u001b[90m 275 |\u001b[39m     expect(results\u001b[33m.\u001b[39mfilter((r) \u001b[33m=>\u001b[39m r\u001b[33m.\u001b[39mstatus \u001b[33m===\u001b[39m \u001b[32m\"rejected\"\u001b[39m))\u001b[33m.\u001b[39mtoHaveLength(\u001b[35m1\u001b[39m)\u001b[33m;\u001b[39m\n     \u001b[90m     |\u001b[39m                                                            \u001b[31m\u001b[1m^\u001b[22m\u001b[39m\n     \u001b[90m 276 |\u001b[39m\n     \u001b[90m 277 |\u001b[39m     \u001b[90m// Successful move persisted.\u001b[39m\n     \u001b[90m 278 |\u001b[39m     \u001b[36mconst\u001b[39m dest \u001b[33m=\u001b[39m \u001b[36mawait\u001b[39m \u001b[33mHabitRepository\u001b[39m\u001b[33m.\u001b[39mgetHabits(\u001b[32m\"ws-2\"\u001b[39m)\u001b[33m;\u001b[39m\u001b[0m\n\n      at Object.toHaveLength (services/command/__tests__/habitBulkMove.test.ts:275:60)\n      at asyncGeneratorStep (node_modules/@babel/runtime/helpers/asyncToGenerator.js:3:17)\n      at _next (node_modules/@babel/runtime/helpers/asyncToGenerator.js:17:9)\n","name":"C:\\Users\\harsh\\OneDrive\\Desktop\\todoapp\\services\\command\\__tests__\\habitBulkMove.test.ts","startTime":1787439036338,"status":"failed","summary":""},{"assertionResults":[{"ancestorTitles":["Batch 8: Workspace Deletion Safety Fix"],"duration":39,"failureDetails":[],"failureMessages":[],"fullName":"Batch 8: Workspace Deletion Safety Fix Workspace Deletion - captures all entities and clears active partitions","invocations":1,"location":null,"numPassingAsserts":17,"retryReasons":[],"status":"passed","title":"Workspace Deletion - captures all entities and clears active partitions"},{"ancestorTitles":["Batch 8: Workspace Deletion Safety Fix"],"duration":19,"failureDetails":[],"failureMessages":[],"fullName":"Batch 8: Workspace Deletion Safety Fix Workspace Deletion - Cleanup failure does not silently destroy the restore snapshot","invocations":1,"location":null,"numPassingAsserts":3,"retryReasons":[],"status":"passed","title":"Workspace Deletion - Cleanup failure does not silently destroy the restore snapshot"},{"ancestorTitles":["Batch 8: Workspace Deletion Safety Fix"],"duration":14,"failureDetails":[],"failureMessages":[],"fullName":"Batch 8: Workspace Deletion Safety Fix Restore Workspace - recreates all entities safely","invocations":1,"location":null,"numPassingAsserts":6,"retryReasons":[],"status":"passed","title":"Restore Workspace - recreates all entities safely"},{"ancestorTitles":["Batch 8: Workspace Deletion Safety Fix"],"duration":5,"failureDetails":[],"failureMessages":[],"fullName":"Batch 8: Workspace Deletion Safety Fix Duplicate delete - does not crash and handles safely","invocations":1,"location":null,"numPassingAsserts":2,"retryReasons":[],"status":"passed","title":"Duplicate delete - does not crash and handles safely"},{"ancestorTitles":["Batch 8: Workspace Deletion Safety Fix","Workspace Deletion Concurrency Determinism"],"duration":109,"failureDetails":[],"failureMessages":[],"fullName":"Batch 8: Workspace Deletion Safety Fix Workspace Deletion Concurrency Determinism Test A: deletion vs task update - update is completely blocked","invocations":1,"location":null,"numPassingAsserts":5,"retryReasons":[],"status":"passed","title":"Test A: deletion vs task update - update is completely blocked"},{"ancestorTitles":["Batch 8: Workspace Deletion Safety Fix","Workspace Deletion Concurrency Determinism"],"duration":107,"failureDetails":[],"failureMessages":[],"fullName":"Batch 8: Workspace Deletion Safety Fix Workspace Deletion Concurrency Determinism Test B: deletion vs task creation - creation is completely blocked","invocations":1,"location":null,"numPassingAsserts":3,"retryReasons":[],"status":"passed","title":"Test B: deletion vs task creation - creation is completely blocked"},{"ancestorTitles":["Batch 8: Workspace Deletion Safety Fix","Workspace Deletion Concurrency Determinism"],"duration":105,"failureDetails":[],"failureMessages":[],"fullName":"Batch 8: Workspace Deletion Safety Fix Workspace Deletion Concurrency Determinism Test C: opposite lifecycle operations - delete vs restore serialize safely","invocations":1,"location":null,"numPassingAsserts":3,"retryReasons":[],"status":"passed","title":"Test C: opposite lifecycle operations - delete vs restore serialize safely"}],"endTime":1787439040800,"message":"","name":"C:\\Users\\harsh\\OneDrive\\Desktop\\todoapp\\services\\command\\__tests__\\workspaceDeletion.phase0.test.ts","startTime":1787439036314,"status":"passed","summary":""},{"assertionResults":[{"ancestorTitles":["HabitCommandHandler Concurrency"],"duration":129,"failureDetails":[],"failureMessages":[],"fullName":"HabitCommandHandler Concurrency Test 1: should serialize updateHabit and completeHabit via workspace partition lock","invocations":1,"location":null,"numPassingAsserts":6,"retryReasons":[],"status":"passed","title":"Test 1: should serialize updateHabit and completeHabit via workspace partition lock"},{"ancestorTitles":["HabitCommandHandler Concurrency"],"duration":127,"failureDetails":[],"failureMessages":[],"fullName":"HabitCommandHandler Concurrency Test 2: deleteWorkspace vs updateHabit cannot produce a ghost Habit","invocations":1,"location":null,"numPassingAsserts":6,"retryReasons":[],"status":"passed","title":"Test 2: deleteWorkspace vs updateHabit cannot produce a ghost Habit"},{"ancestorTitles":["HabitCommandHandler Concurrency"],"duration":114,"failureDetails":[],"failureMessages":[],"fullName":"HabitCommandHandler Concurrency Test 3: should serialize completeHabit and updateHabit via workspace partition lock","invocations":1,"location":null,"numPassingAsserts":6,"retryReasons":[],"status":"passed","title":"Test 3: should serialize completeHabit and updateHabit via workspace partition lock"},{"ancestorTitles":["HabitCommandHandler Concurrency"],"duration":108,"failureDetails":[],"failureMessages":[],"fullName":"HabitCommandHandler Concurrency Test 4: should serialize uncompleteHabit and updateHabit via workspace partition lock","invocations":1,"location":null,"numPassingAsserts":6,"retryReasons":[],"status":"passed","title":"Test 4: should serialize uncompleteHabit and updateHabit via workspace partition lock"},{"ancestorTitles":["HabitCommandHandler Concurrency"],"duration":105,"failureDetails":[],"failureMessages":[],"fullName":"HabitCommandHandler Concurrency Test 5: should serialize recoverHabitStreak and updateHabit via workspace partition lock","invocations":1,"location":null,"numPassingAsserts":6,"retryReasons":[],"status":"passed","title":"Test 5: should serialize recoverHabitStreak and updateHabit via workspace partition lock"},{"ancestorTitles":["HabitCommandHandler Concurrency"],"duration":106,"failureDetails":[],"failureMessages":[],"fullName":"HabitCommandHandler Concurrency Test 6: should serialize moveHabit and updateHabit to prevent stale-read data loss","invocations":1,"location":null,"numPassingAsserts":7,"retryReasons":[],"status":"passed","title":"Test 6: should serialize moveHabit and updateHabit to prevent stale-read data loss"},{"ancestorTitles":["HabitCommandHandler Concurrency"],"duration":6,"failureDetails":[],"failureMessages":[],"fullName":"HabitCommandHandler Concurrency Test 7: should safely serialize cross-workspace moveHabit operations without deadlocks","invocations":1,"location":null,"numPassingAsserts":4,"retryReasons":[],"status":"passed","title":"Test 7: should safely serialize cross-workspace moveHabit operations without deadlocks"}],"endTime":1787439041027,"message":"","name":"C:\\Users\\harsh\\OneDrive\\Desktop\\todoapp\\services\\command\\__tests__\\HabitCommandHandler.concurrency.test.ts","startTime":1787439036226,"status":"passed","summary":""},{"assertionResults":[{"ancestorTitles":["Workspace Archive Foundation","archiveWorkspace"],"duration":3,"failureDetails":[],"failureMessages":[],"fullName":"Workspace Archive Foundation archiveWorkspace should set archivedAt on an active workspace","invocations":1,"location":null,"numPassingAsserts":1,"retryReasons":[],"status":"passed","title":"should set archivedAt on an active workspace"},{"ancestorTitles":["Workspace Archive Foundation","archiveWorkspace"],"duration":8,"failureDetails":[],"failureMessages":[],"fullName":"Workspace Archive Foundation archiveWorkspace should throw if the workspace does not exist","invocations":1,"location":null,"numPassingAsserts":1,"retryReasons":[],"status":"passed","title":"should throw if the workspace does not exist"},{"ancestorTitles":["Workspace Archive Foundation","archiveWorkspace"],"duration":5,"failureDetails":[],"failureMessages":[],"fullName":"Workspace Archive Foundation archiveWorkspace should throw if archiving a protected workspace","invocations":1,"location":null,"numPassingAsserts":2,"retryReasons":[],"status":"passed","title":"should throw if archiving a protected workspace"},{"ancestorTitles":["Workspace Archive Foundation","archiveWorkspace"],"duration":1,"failureDetails":[],"failureMessages":[],"fullName":"Workspace Archive Foundation archiveWorkspace should be idempotent and not save if already archived","invocations":1,"location":null,"numPassingAsserts":1,"retryReasons":[],"status":"passed","title":"should be idempotent and not save if already archived"},{"ancestorTitles":["Workspace Archive Foundation","restoreWorkspaceArchive"],"duration":1,"failureDetails":[],"failureMessages":[],"fullName":"Workspace Archive Foundation restoreWorkspaceArchive should clear archivedAt on an archived workspace","invocations":1,"location":null,"numPassingAsserts":1,"retryReasons":[],"status":"passed","title":"should clear archivedAt on an archived workspace"},{"ancestorTitles":["Workspace Archive Foundation","restoreWorkspaceArchive"],"duration":0,"failureDetails":[],"failureMessages":[],"fullName":"Workspace Archive Foundation restoreWorkspaceArchive should throw if the workspace does not exist","invocations":1,"location":null,"numPassingAsserts":1,"retryReasons":[],"status":"passed","title":"should throw if the workspace does not exist"},{"ancestorTitles":["Workspace Archive Foundation","restoreWorkspaceArchive"],"duration":0,"failureDetails":[],"failureMessages":[],"fullName":"Workspace Archive Foundation restoreWorkspaceArchive should be idempotent and not save if already active","invocations":1,"location":null,"numPassingAsserts":1,"retryReasons":[],"status":"passed","title":"should be idempotent and not save if already active"}],"endTime":1787439041051,"message":"","name":"C:\\Users\\harsh\\OneDrive\\Desktop\\todoapp\\services\\command\\__tests__\\workspaceArchive.test.ts","startTime":1787439040576,"status":"passed","summary":""},{"assertionResults":[{"ancestorTitles":["Phase 1 Ghost Toleration & Notification Decoupling"],"duration":8,"failureDetails":[],"failureMessages":[],"fullName":"Phase 1 Ghost Toleration & Notification Decoupling tolerates a ghost in the target workspace when source deletion is interrupted during a move","invocations":1,"location":null,"numPassingAsserts":3,"retryReasons":[],"status":"passed","title":"tolerates a ghost in the target workspace when source deletion is interrupted during a move"},{"ancestorTitles":["Phase 1 Ghost Toleration & Notification Decoupling"],"duration":18,"failureDetails":[],"failureMessages":[],"fullName":"Phase 1 Ghost Toleration & Notification Decoupling does not leave workspace entities dangling, cleanup runs asynchronously","invocations":1,"location":null,"numPassingAsserts":5,"retryReasons":[],"status":"passed","title":"does not leave workspace entities dangling, cleanup runs asynchronously"},{"ancestorTitles":["Phase 1 Ghost Toleration & Notification Decoupling"],"duration":4,"failureDetails":[],"failureMessages":[],"fullName":"Phase 1 Ghost Toleration & Notification Decoupling tolerates an active ghost when recycle active delete fails","invocations":1,"location":null,"numPassingAsserts":3,"retryReasons":[],"status":"passed","title":"tolerates an active ghost when recycle active delete fails"},{"ancestorTitles":["Phase 1 Ghost Toleration & Notification Decoupling"],"duration":8,"failureDetails":[],"failureMessages":[],"fullName":"Phase 1 Ghost Toleration & Notification Decoupling tolerates a bin ghost when restore bin removal fails, does not roll back active","invocations":1,"location":null,"numPassingAsserts":2,"retryReasons":[],"status":"passed","title":"tolerates a bin ghost when restore bin removal fails, does not roll back active"},{"ancestorTitles":["Phase 1 Ghost Toleration & Notification Decoupling"],"duration":4,"failureDetails":[],"failureMessages":[],"fullName":"Phase 1 Ghost Toleration & Notification Decoupling does not fail restore when native reminder scheduling fails","invocations":1,"location":null,"numPassingAsserts":3,"retryReasons":[],"status":"passed","title":"does not fail restore when native reminder scheduling fails"}],"endTime":1787439041059,"message":"","name":"C:\\Users\\harsh\\OneDrive\\Desktop\\todoapp\\services\\command\\__tests__\\multiKeyFailure.phase0.test.ts","startTime":1787439040560,"status":"passed","summary":""},{"assertionResults":[{"ancestorTitles":["TaskCommandHandler Concurrency"],"duration":142,"failureDetails":[],"failureMessages":[],"fullName":"TaskCommandHandler Concurrency should serialize read-modify-write via workspace partition lock to prevent stale updates","invocations":1,"location":null,"numPassingAsserts":6,"retryReasons":[],"status":"passed","title":"should serialize read-modify-write via workspace partition lock to prevent stale updates"},{"ancestorTitles":["TaskCommandHandler Concurrency"],"duration":119,"failureDetails":[],"failureMessages":[],"fullName":"TaskCommandHandler Concurrency should serialize completeTask and updateTask via workspace partition lock","invocations":1,"location":null,"numPassingAsserts":7,"retryReasons":[],"status":"passed","title":"should serialize completeTask and updateTask via workspace partition lock"},{"ancestorTitles":["TaskCommandHandler Concurrency"],"duration":108,"failureDetails":[],"failureMessages":[],"fullName":"TaskCommandHandler Concurrency should serialize uncompleteTask and updateTask via workspace partition lock","invocations":1,"location":null,"numPassingAsserts":7,"retryReasons":[],"status":"passed","title":"should serialize uncompleteTask and updateTask via workspace partition lock"},{"ancestorTitles":["TaskCommandHandler Concurrency"],"duration":122,"failureDetails":[],"failureMessages":[],"fullName":"TaskCommandHandler Concurrency should serialize moveTask and updateTask to prevent data loss on source","invocations":1,"location":null,"numPassingAsserts":8,"retryReasons":[],"status":"passed","title":"should serialize moveTask and updateTask to prevent data loss on source"},{"ancestorTitles":["TaskCommandHandler Concurrency"],"duration":5,"failureDetails":[],"failureMessages":[],"fullName":"TaskCommandHandler Concurrency should not deadlock when moving tasks in opposite directions concurrently","invocations":1,"location":null,"numPassingAsserts":6,"retryReasons":[],"status":"passed","title":"should not deadlock when moving tasks in opposite directions concurrently"},{"ancestorTitles":["TaskCommandHandler Concurrency"],"duration":106,"failureDetails":[],"failureMessages":[],"fullName":"TaskCommandHandler Concurrency should serialize recycleTask and updateTask via workspace partition lock","invocations":1,"location":null,"numPassingAsserts":7,"retryReasons":[],"status":"passed","title":"should serialize recycleTask and updateTask via workspace partition lock"},{"ancestorTitles":["TaskCommandHandler Concurrency"],"duration":55,"failureDetails":[],"failureMessages":[],"fullName":"TaskCommandHandler Concurrency should securely remove from Recycle Bin without overwriting concurrent bin additions (restoreTask)","invocations":1,"location":null,"numPassingAsserts":5,"retryReasons":[],"status":"passed","title":"should securely remove from Recycle Bin without overwriting concurrent bin additions (restoreTask)"},{"ancestorTitles":["TaskCommandHandler Concurrency"],"duration":105,"failureDetails":[],"failureMessages":[],"fullName":"TaskCommandHandler Concurrency should serialize recycleTasks and updateTask via workspace partition locks","invocations":1,"location":null,"numPassingAsserts":8,"retryReasons":[],"status":"passed","title":"should serialize recycleTasks and updateTask via workspace partition locks"}],"endTime":1787439041098,"message":"","name":"C:\\Users\\harsh\\OneDrive\\Desktop\\todoapp\\services\\command\\__tests__\\TaskCommandHandler.concurrency.test.ts","startTime":1787439036345,"status":"passed","summary":""},{"assertionResults":[{"ancestorTitles":["workspace restore integrity"],"duration":10,"failureDetails":[],"failureMessages":[],"fullName":"workspace restore integrity delete → restore → workspace exists again","invocations":1,"location":null,"numPassingAsserts":3,"retryReasons":[],"status":"passed","title":"delete → restore → workspace exists again"},{"ancestorTitles":["workspace restore integrity"],"duration":4,"failureDetails":[],"failureMessages":[],"fullName":"workspace restore integrity preserves the original workspace ID","invocations":1,"location":null,"numPassingAsserts":1,"retryReasons":[],"status":"passed","title":"preserves the original workspace ID"},{"ancestorTitles":["workspace restore integrity"],"duration":4,"failureDetails":[],"failureMessages":[],"fullName":"workspace restore integrity preserves all current workspace metadata","invocations":1,"location":null,"numPassingAsserts":6,"retryReasons":[],"status":"passed","title":"preserves all current workspace metadata"},{"ancestorTitles":["workspace restore integrity"],"duration":4,"failureDetails":[],"failureMessages":[],"fullName":"workspace restore integrity survives reload (persisted through the repository)","invocations":1,"location":null,"numPassingAsserts":2,"retryReasons":[],"status":"passed","title":"survives reload (persisted through the repository)"},{"ancestorTitles":["workspace restore integrity"],"duration":3,"failureDetails":[],"failureMessages":[],"fullName":"workspace restore integrity does not create a duplicate workspace on restore","invocations":1,"location":null,"numPassingAsserts":1,"retryReasons":[],"status":"passed","title":"does not create a duplicate workspace on restore"},{"ancestorTitles":["workspace restore integrity"],"duration":6,"failureDetails":[],"failureMessages":[],"fullName":"workspace restore integrity restores multiple deleted workspaces independently","invocations":1,"location":null,"numPassingAsserts":4,"retryReasons":[],"status":"passed","title":"restores multiple deleted workspaces independently"},{"ancestorTitles":["workspace restore integrity"],"duration":2,"failureDetails":[],"failureMessages":[],"fullName":"workspace restore integrity upserts (no duplicate) when a workspace with the same ID already exists","invocations":1,"location":null,"numPassingAsserts":1,"retryReasons":[],"status":"passed","title":"upserts (no duplicate) when a workspace with the same ID already exists"},{"ancestorTitles":["workspace restore integrity"],"duration":12,"failureDetails":[],"failureMessages":[],"fullName":"workspace restore integrity keeps the bin item and reports failure when persistence does not take effect","invocations":1,"location":null,"numPassingAsserts":3,"retryReasons":[],"status":"passed","title":"keeps the bin item and reports failure when persistence does not take effect"},{"ancestorTitles":["workspace restore integrity"],"duration":3,"failureDetails":[],"failureMessages":[],"fullName":"workspace restore integrity throws for missing or non-workspace bin items without touching storage","invocations":1,"location":null,"numPassingAsserts":2,"retryReasons":[],"status":"passed","title":"throws for missing or non-workspace bin items without touching storage"},{"ancestorTitles":["workspace restore integrity"],"duration":4,"failureDetails":[],"failureMessages":[],"fullName":"workspace restore integrity emits the workspace state event on restore","invocations":1,"location":null,"numPassingAsserts":1,"retryReasons":[],"status":"passed","title":"emits the workspace state event on restore"},{"ancestorTitles":["workspace restore integrity"],"duration":4,"failureDetails":[],"failureMessages":[],"fullName":"workspace restore integrity leaves Inbox intact after a workspace restore","invocations":1,"location":null,"numPassingAsserts":2,"retryReasons":[],"status":"passed","title":"leaves Inbox intact after a workspace restore"},{"ancestorTitles":["workspace restore integrity"],"duration":10,"failureDetails":[],"failureMessages":[],"fullName":"workspace restore integrity keeps associated task/habit/checklist/resource workspaceIds correct","invocations":1,"location":null,"numPassingAsserts":4,"retryReasons":[],"status":"passed","title":"keeps associated task/habit/checklist/resource workspaceIds correct"},{"ancestorTitles":["workspace restore integrity"],"duration":8,"failureDetails":[],"failureMessages":[],"fullName":"workspace restore integrity Task restoration failure preserves the snapshot","invocations":1,"location":null,"numPassingAsserts":2,"retryReasons":[],"status":"passed","title":"Task restoration failure preserves the snapshot"},{"ancestorTitles":["workspace restore integrity"],"duration":6,"failureDetails":[],"failureMessages":[],"fullName":"workspace restore integrity Habit restoration failure preserves the snapshot","invocations":1,"location":null,"numPassingAsserts":2,"retryReasons":[],"status":"passed","title":"Habit restoration failure preserves the snapshot"}],"endTime":1787439041068,"message":"","name":"C:\\Users\\harsh\\OneDrive\\Desktop\\todoapp\\services\\command\\__tests__\\workspaceRestore.test.ts","startTime":1787439040504,"status":"passed","summary":""}],"wasInterrupted":false}
